C:\USERS\JAMIE\DOCUMENTS\VISUAL STUDIO 2010\PROJECTS\LINKED\DEBUG\LINKED.EXE
C:\USERS\JAMIE\DOCUMENTS\VISUAL STUDIO 2010\PROJECTS\LINKED\DEBUG\LINKED.ILK
C:\USERS\JAMIE\DOCUMENTS\VISUAL STUDIO 2010\PROJECTS\LINKED\DEBUG\LINKED.PDB
C:\USERS\JAMIE\DOCUMENTS\VISUAL STUDIO 2010\PROJECTS\LINKED\LINKED\DEBUG\BATCHAR.OBJ
C:\Users\Jamie\Documents\Visual Studio 2010\Projects\Linked\Linked\Debug\cl.command.1.tlog
C:\Users\Jamie\Documents\Visual Studio 2010\Projects\Linked\Linked\Debug\CL.read.1.tlog
C:\Users\Jamie\Documents\Visual Studio 2010\Projects\Linked\Linked\Debug\CL.write.1.tlog
C:\USERS\JAMIE\DOCUMENTS\VISUAL STUDIO 2010\PROJECTS\LINKED\LINKED\DEBUG\DEATHMENU.OBJ
C:\USERS\JAMIE\DOCUMENTS\VISUAL STUDIO 2010\PROJECTS\LINKED\LINKED\DEBUG\INGAMEMENU.OBJ
C:\Users\Jamie\Documents\Visual Studio 2010\Projects\Linked\Linked\Debug\link.command.1.tlog
C:\Users\Jamie\Documents\Visual Studio 2010\Projects\Linked\Linked\Debug\link.read.1.tlog
C:\Users\Jamie\Documents\Visual Studio 2010\Projects\Linked\Linked\Debug\link.write.1.tlog
C:\USERS\JAMIE\DOCUMENTS\VISUAL STUDIO 2010\PROJECTS\LINKED\LINKED\DEBUG\LINKED.EXE.INTERMEDIATE.MANIFEST
C:\Users\Jamie\Documents\Visual Studio 2010\Projects\Linked\Linked\Debug\Linked.write.1.tlog
C:\USERS\JAMIE\DOCUMENTS\VISUAL STUDIO 2010\PROJECTS\LINKED\LINKED\DEBUG\MAIN.OBJ
C:\USERS\JAMIE\DOCUMENTS\VISUAL STUDIO 2010\PROJECTS\LINKED\LINKED\DEBUG\MAINMENU.OBJ
C:\Users\Jamie\Documents\Visual Studio 2010\Projects\Linked\Linked\Debug\mt.command.1.tlog
C:\Users\Jamie\Documents\Visual Studio 2010\Projects\Linked\Linked\Debug\mt.read.1.tlog
C:\Users\Jamie\Documents\Visual Studio 2010\Projects\Linked\Linked\Debug\mt.write.1.tlog
C:\USERS\JAMIE\DOCUMENTS\VISUAL STUDIO 2010\PROJECTS\LINKED\LINKED\DEBUG\PLAYERCHAR.OBJ
C:\USERS\JAMIE\DOCUMENTS\VISUAL STUDIO 2010\PROJECTS\LINKED\LINKED\DEBUG\ROCK1.OBJ
C:\USERS\JAMIE\DOCUMENTS\VISUAL STUDIO 2010\PROJECTS\LINKED\LINKED\DEBUG\ROCK2.OBJ
C:\Users\Jamie\Documents\Visual Studio 2010\Projects\Linked\Linked\Debug\vc100.idb
C:\USERS\JAMIE\DOCUMENTS\VISUAL STUDIO 2010\PROJECTS\LINKED\LINKED\DEBUG\VC100.PDB
C:\USERS\JAMIE\DOCUMENTS\VISUAL STUDIO 2010\PROJECTS\LINKED\LINKED\DEBUG\WALL.OBJ
