Build started 11/04/2014 09:11:07.
     1>Project "C:\Users\Jamie\Documents\Visual Studio 2010\Projects\Linked\Linked\Linked.vcxproj" on node 2 (build target(s)).
     1>InitializeBuildStatus:
         Creating "Debug\Linked.unsuccessfulbuild" because "AlwaysCreate" was specified.
       ClCompile:
         c:\Program Files (x86)\Microsoft Visual Studio 10.0\VC\bin\CL.exe /c /ZI /nologo /W3 /WX- /Od /Oy- /D _MBCS /Gm /EHsc /RTC1 /MDd /GS /fp:precise /Zc:wchar_t /Zc:forScope /Fo"Debug\\" /Fd"Debug\vc100.pdb" /Gd /TP /analyze- /errorReport:prompt game.cpp
         game.cpp
       Link:
         c:\Program Files (x86)\Microsoft Visual Studio 10.0\VC\bin\link.exe /ERRORREPORT:PROMPT /OUT:"C:\Users\Jamie\Documents\Visual Studio 2010\Projects\Linked\Debug\Linked.exe" /NOLOGO alld.lib kernel32.lib user32.lib gdi32.lib winspool.lib comdlg32.lib advapi32.lib shell32.lib ole32.lib oleaut32.lib uuid.lib odbc32.lib odbccp32.lib /MANIFEST /ManifestFile:"Debug\Linked.exe.intermediate.manifest" /MANIFESTUAC:"level='asInvoker' uiAccess='false'" /DEBUG /PDB:"C:\Users\Jamie\Documents\Visual Studio 2010\Projects\Linked\Debug\Linked.pdb" /TLBID:1 /DYNAMICBASE /NXCOMPAT /IMPLIB:"C:\Users\Jamie\Documents\Visual Studio 2010\Projects\Linked\Debug\Linked.lib" /MACHINE:X86 Debug\collisionDetection.obj
         Debug\credits.obj
         Debug\fileLoader.obj
         Debug\game.obj
         Debug\gameChoice.obj
         Debug\main.obj
         Debug\mainMenu.obj
         Debug\moveEntity.obj
         LINK : C:\Users\Jamie\Documents\Visual Studio 2010\Projects\Linked\Debug\Linked.exe not found or not built by the last incremental link; performing full link
         Linked.vcxproj -> C:\Users\Jamie\Documents\Visual Studio 2010\Projects\Linked\Debug\Linked.exe
       Manifest:
         C:\Program Files (x86)\Microsoft SDKs\Windows\v7.0A\bin\mt.exe /nologo /verbose /outputresource:"C:\Users\Jamie\Documents\Visual Studio 2010\Projects\Linked\Debug\Linked.exe;#1" /manifest Debug\Linked.exe.intermediate.manifest
       FinalizeBuildStatus:
         Deleting file "Debug\Linked.unsuccessfulbuild".
         Touching "Debug\Linked.lastbuildstate".
     1>Done Building Project "C:\Users\Jamie\Documents\Visual Studio 2010\Projects\Linked\Linked\Linked.vcxproj" (build target(s)).

Build succeeded.

Time Elapsed 00:00:00.88
